<?xml version="1.0" encoding="UTF-8"?>
<coverage generated="1710135415518" clover="3.2.0">
  <project timestamp="1710135415518" name="All files">
    <metrics statements="40" coveredstatements="40" conditionals="20" coveredconditionals="19" methods="8" coveredmethods="8" elements="68" coveredelements="67" complexity="0" loc="40" ncloc="40" packages="1" files="1" classes="1"/>
    <file name="login.js" path="D:\Login\login.js">
      <metrics statements="40" coveredstatements="40" conditionals="20" coveredconditionals="19" methods="8" coveredmethods="8"/>
      <line num="1" count="1" type="stmt"/>
      <line num="2" count="1" type="stmt"/>
      <line num="3" count="1" type="stmt"/>
      <line num="4" count="1" type="stmt"/>
      <line num="5" count="1" type="stmt"/>
      <line num="7" count="1" type="stmt"/>
      <line num="11" count="3" type="stmt"/>
      <line num="16" count="1" type="stmt"/>
      <line num="23" count="11" type="stmt"/>
      <line num="24" count="11" type="stmt"/>
      <line num="29" count="14" type="stmt"/>
      <line num="30" count="14" type="stmt"/>
      <line num="31" count="14" type="stmt"/>
      <line num="32" count="14" type="stmt"/>
      <line num="34" count="14" type="cond" truecount="4" falsecount="0"/>
      <line num="39" count="9" type="stmt"/>
      <line num="57" count="9" type="cond" truecount="4" falsecount="0"/>
      <line num="59" count="1" type="stmt"/>
      <line num="61" count="8" type="cond" truecount="4" falsecount="0"/>
      <line num="62" count="6" type="stmt"/>
      <line num="63" count="2" type="cond" truecount="2" falsecount="0"/>
      <line num="64" count="1" type="stmt"/>
      <line num="65" count="1" type="cond" truecount="1" falsecount="1"/>
      <line num="66" count="1" type="stmt"/>
      <line num="72" count="1" type="stmt"/>
      <line num="74" count="3" type="stmt"/>
      <line num="75" count="5" type="stmt"/>
      <line num="77" count="5" type="stmt"/>
      <line num="78" count="5" type="stmt"/>
      <line num="81" count="5" type="stmt"/>
      <line num="87" count="5" type="cond" truecount="2" falsecount="0"/>
      <line num="92" count="5" type="stmt"/>
      <line num="93" count="5" type="stmt"/>
      <line num="94" count="5" type="cond" truecount="2" falsecount="0"/>
      <line num="95" count="3" type="stmt"/>
      <line num="97" count="2" type="stmt"/>
      <line num="102" count="1" type="stmt"/>
      <line num="105" count="1" type="stmt"/>
      <line num="108" count="1" type="stmt"/>
      <line num="157" count="1" type="stmt"/>
    </file>
  </project>
</coverage>
