{"D:\\Login\\login.js": {"path":"D:\\Login\\login.js","statementMap":{"0":{"start":{"line":1,"column":19},"end":{"line":1,"column":56}},"1":{"start":{"line":2,"column":22},"end":{"line":2,"column":62}},"2":{"start":{"line":3,"column":26},"end":{"line":3,"column":70}},"3":{"start":{"line":4,"column":29},"end":{"line":4,"column":76}},"4":{"start":{"line":5,"column":20},"end":{"line":5,"column":57}},"5":{"start":{"line":7,"column":0},"end":{"line":7,"column":63}},"6":{"start":{"line":11,"column":4},"end":{"line":11,"column":23}},"7":{"start":{"line":16,"column":25},"end":{"line":19,"column":1}},"8":{"start":{"line":23,"column":23},"end":{"line":23,"column":51}},"9":{"start":{"line":24,"column":4},"end":{"line":24,"column":34}},"10":{"start":{"line":29,"column":30},"end":{"line":29,"column":50}},"11":{"start":{"line":30,"column":33},"end":{"line":30,"column":55}},"12":{"start":{"line":31,"column":33},"end":{"line":31,"column":55}},"13":{"start":{"line":32,"column":30},"end":{"line":32,"column":52}},"14":{"start":{"line":34,"column":4},"end":{"line":34,"column":98}},"15":{"start":{"line":39,"column":4},"end":{"line":39,"column":41}},"16":{"start":{"line":57,"column":4},"end":{"line":69,"column":5}},"17":{"start":{"line":59,"column":8},"end":{"line":59,"column":45}},"18":{"start":{"line":61,"column":8},"end":{"line":68,"column":9}},"19":{"start":{"line":62,"column":12},"end":{"line":62,"column":50}},"20":{"start":{"line":63,"column":15},"end":{"line":68,"column":9}},"21":{"start":{"line":64,"column":12},"end":{"line":64,"column":40}},"22":{"start":{"line":65,"column":14},"end":{"line":68,"column":9}},"23":{"start":{"line":66,"column":8},"end":{"line":66,"column":36}},"24":{"start":{"line":72,"column":0},"end":{"line":83,"column":3}},"25":{"start":{"line":74,"column":0},"end":{"line":82,"column":3}},"26":{"start":{"line":75,"column":4},"end":{"line":75,"column":27}},"27":{"start":{"line":77,"column":18},"end":{"line":77,"column":61}},"28":{"start":{"line":78,"column":21},"end":{"line":78,"column":67}},"29":{"start":{"line":81,"column":4},"end":{"line":81,"column":27}},"30":{"start":{"line":87,"column":2},"end":{"line":87,"column":77}},"31":{"start":{"line":92,"column":22},"end":{"line":92,"column":38}},"32":{"start":{"line":93,"column":2},"end":{"line":93,"column":37}},"33":{"start":{"line":94,"column":2},"end":{"line":98,"column":3}},"34":{"start":{"line":95,"column":6},"end":{"line":95,"column":44}},"35":{"start":{"line":97,"column":6},"end":{"line":97,"column":47}},"36":{"start":{"line":102,"column":0},"end":{"line":102,"column":61}},"37":{"start":{"line":105,"column":0},"end":{"line":105,"column":64}},"38":{"start":{"line":108,"column":0},"end":{"line":108,"column":25}},"39":{"start":{"line":157,"column":2},"end":{"line":163,"column":4}}},"fnMap":{"0":{"name":"focusEmailInput","decl":{"start":{"line":9,"column":9},"end":{"line":9,"column":24}},"loc":{"start":{"line":9,"column":26},"end":{"line":13,"column":1}},"line":9},"1":{"name":"validateEmail","decl":{"start":{"line":21,"column":9},"end":{"line":21,"column":22}},"loc":{"start":{"line":21,"column":30},"end":{"line":25,"column":1}},"line":21},"2":{"name":"validatePassword","decl":{"start":{"line":27,"column":9},"end":{"line":27,"column":25}},"loc":{"start":{"line":27,"column":36},"end":{"line":35,"column":1}},"line":27},"3":{"name":"login","decl":{"start":{"line":38,"column":9},"end":{"line":38,"column":14}},"loc":{"start":{"line":38,"column":32},"end":{"line":71,"column":1}},"line":38},"4":{"name":"(anonymous_4)","decl":{"start":{"line":72,"column":46},"end":{"line":72,"column":47}},"loc":{"start":{"line":72,"column":50},"end":{"line":83,"column":1}},"line":72},"5":{"name":"(anonymous_5)","decl":{"start":{"line":74,"column":38},"end":{"line":74,"column":39}},"loc":{"start":{"line":74,"column":54},"end":{"line":82,"column":1}},"line":74},"6":{"name":"areFieldsEmpty","decl":{"start":{"line":86,"column":9},"end":{"line":86,"column":23}},"loc":{"start":{"line":86,"column":26},"end":{"line":88,"column":1}},"line":86},"7":{"name":"updateLoginButtonState","decl":{"start":{"line":91,"column":9},"end":{"line":91,"column":31}},"loc":{"start":{"line":91,"column":34},"end":{"line":99,"column":1}},"line":91}},"branchMap":{"0":{"loc":{"start":{"line":34,"column":11},"end":{"line":34,"column":97}},"type":"binary-expr","locations":[{"start":{"line":34,"column":11},"end":{"line":34,"column":28}},{"start":{"line":34,"column":32},"end":{"line":34,"column":52}},{"start":{"line":34,"column":56},"end":{"line":34,"column":76}},{"start":{"line":34,"column":80},"end":{"line":34,"column":97}}],"line":34},"1":{"loc":{"start":{"line":57,"column":4},"end":{"line":69,"column":5}},"type":"if","locations":[{"start":{"line":57,"column":4},"end":{"line":69,"column":5}},{"start":{"line":60,"column":11},"end":{"line":69,"column":5}}],"line":57},"2":{"loc":{"start":{"line":57,"column":8},"end":{"line":57,"column":86}},"type":"binary-expr","locations":[{"start":{"line":57,"column":8},"end":{"line":57,"column":46}},{"start":{"line":57,"column":50},"end":{"line":57,"column":86}}],"line":57},"3":{"loc":{"start":{"line":61,"column":8},"end":{"line":68,"column":9}},"type":"if","locations":[{"start":{"line":61,"column":8},"end":{"line":68,"column":9}},{"start":{"line":63,"column":15},"end":{"line":68,"column":9}}],"line":61},"4":{"loc":{"start":{"line":61,"column":12},"end":{"line":61,"column":64}},"type":"binary-expr","locations":[{"start":{"line":61,"column":12},"end":{"line":61,"column":33}},{"start":{"line":61,"column":37},"end":{"line":61,"column":64}}],"line":61},"5":{"loc":{"start":{"line":63,"column":15},"end":{"line":68,"column":9}},"type":"if","locations":[{"start":{"line":63,"column":15},"end":{"line":68,"column":9}},{"start":{"line":65,"column":14},"end":{"line":68,"column":9}}],"line":63},"6":{"loc":{"start":{"line":65,"column":14},"end":{"line":68,"column":9}},"type":"if","locations":[{"start":{"line":65,"column":14},"end":{"line":68,"column":9}},{"start":{},"end":{}}],"line":65},"7":{"loc":{"start":{"line":87,"column":9},"end":{"line":87,"column":76}},"type":"binary-expr","locations":[{"start":{"line":87,"column":9},"end":{"line":87,"column":39}},{"start":{"line":87,"column":43},"end":{"line":87,"column":76}}],"line":87},"8":{"loc":{"start":{"line":94,"column":2},"end":{"line":98,"column":3}},"type":"if","locations":[{"start":{"line":94,"column":2},"end":{"line":98,"column":3}},{"start":{"line":96,"column":9},"end":{"line":98,"column":3}}],"line":94}},"s":{"0":1,"1":1,"2":1,"3":1,"4":1,"5":1,"6":3,"7":1,"8":11,"9":11,"10":14,"11":14,"12":14,"13":14,"14":14,"15":9,"16":9,"17":1,"18":8,"19":6,"20":2,"21":1,"22":1,"23":1,"24":1,"25":3,"26":5,"27":5,"28":5,"29":5,"30":5,"31":5,"32":5,"33":5,"34":3,"35":2,"36":1,"37":1,"38":1,"39":1},"f":{"0":3,"1":11,"2":14,"3":9,"4":3,"5":5,"6":5,"7":5},"b":{"0":[14,8,5,4],"1":[1,8],"2":[9,1],"3":[6,2],"4":[8,7],"5":[1,1],"6":[1,0],"7":[5,2],"8":[3,2]},"_coverageSchema":"1a1c01bbd47fc00a2c39e90264f33305004495a9","hash":"2b9d6af2bda12e40c91643e5bdb12794fe1b2d16"}
}
