TN:
SF:login.js
FN:9,focusEmailInput
FN:21,validateEmail
FN:27,validatePassword
FN:38,login
FN:72,(anonymous_4)
FN:74,(anonymous_5)
FN:86,areFieldsEmpty
FN:91,updateLoginButtonState
FNF:8
FNH:8
FNDA:3,focusEmailInput
FNDA:11,validateEmail
FNDA:14,validatePassword
FNDA:9,login
FNDA:3,(anonymous_4)
FNDA:5,(anonymous_5)
FNDA:5,areFieldsEmpty
FNDA:5,updateLoginButtonState
DA:1,1
DA:2,1
DA:3,1
DA:4,1
DA:5,1
DA:7,1
DA:11,3
DA:16,1
DA:23,11
DA:24,11
DA:29,14
DA:30,14
DA:31,14
DA:32,14
DA:34,14
DA:39,9
DA:57,9
DA:59,1
DA:61,8
DA:62,6
DA:63,2
DA:64,1
DA:65,1
DA:66,1
DA:72,1
DA:74,3
DA:75,5
DA:77,5
DA:78,5
DA:81,5
DA:87,5
DA:92,5
DA:93,5
DA:94,5
DA:95,3
DA:97,2
DA:102,1
DA:105,1
DA:108,1
DA:157,1
LF:40
LH:40
BRDA:34,0,0,14
BRDA:34,0,1,8
BRDA:34,0,2,5
BRDA:34,0,3,4
BRDA:57,1,0,1
BRDA:57,1,1,8
BRDA:57,2,0,9
BRDA:57,2,1,1
BRDA:61,3,0,6
BRDA:61,3,1,2
BRDA:61,4,0,8
BRDA:61,4,1,7
BRDA:63,5,0,1
BRDA:63,5,1,1
BRDA:65,6,0,1
BRDA:65,6,1,0
BRDA:87,7,0,5
BRDA:87,7,1,2
BRDA:94,8,0,3
BRDA:94,8,1,2
BRF:20
BRH:19
end_of_record
